<?xml version="1.0" encoding="UTF-8"?>
<!-- Generated by org.testng.reporters.JUnitReportReporter -->
<testsuite skipped="0" hostname="Ananth" name="com.rediff.Rediff.com.AppTest" tests="1" failures="0" timestamp="10 Aug 2021 14:57:29 GMT" time="0.010" errors="0">
  <testcase name="testApp" time="0.010" classname="com.rediff.Rediff.com.AppTest"/>
</testsuite> <!-- com.rediff.Rediff.com.AppTest -->
